#################################################################
# If you used AutoDock Vina in your work, please cite:          #
#                                                               #
# O. Trott, A. J. Olson,                                        #
# AutoDock Vina: improving the speed and accuracy of docking    #
# with a new scoring function, efficient optimization and       #
# multithreading, Journal of Computational Chemistry 31 (2010)  #
# 455-461                                                       #
#                                                               #
# DOI 10.1002/jcc.21334                                         #
#                                                               #
# Please see http://vina.scripps.edu for more information.      #
#################################################################

WARNING: The search space volume > 27000 Angstrom^3 (See FAQ)
Detected 4 CPUs
Reading input ... done.
Setting up the scoring function ... done.
Analyzing the binding site ... done.
Using random seed: -708251242
Performing search ... done.
Refining results ... done.

mode |   affinity | dist from best mode
     | (kcal/mol) | rmsd l.b.| rmsd u.b.
-----+------------+----------+----------
   1         -7.8      0.000      0.000
   2         -7.8      0.476      2.366
   3         -7.6      1.423      7.152
   4         -7.6      1.413      7.428
   5         -7.2      1.762      7.403
   6         -7.0     15.722     20.885
   7         -7.0     15.680     20.939
   8         -6.8      3.152      4.570
   9         -6.7      3.218      7.506
  10         -6.6     16.355     20.388
  11         -6.6     16.302     20.317
  12         -6.6     16.329     20.380
  13         -6.6     16.309     20.384
  14         -6.5     16.634     20.744
  15         -6.4     16.783     20.833
  16         -6.4     17.257     21.227
  17         -6.0     21.729     24.922
  18         -5.9      5.542      9.559
  19         -5.9      5.577      9.718
  20         -5.9      3.929      8.535
Writing output ... done.
